<?xml version="1.0" encoding="UTF-8"?>
<!-- Generated by org.testng.reporters.JUnitXMLReporter -->
<testsuite ignored="3" hostname="DESKTOP-G3QRQBE" failures="0" tests="11" name="Test" time="17.587" errors="0" timestamp="2024-01-15T11:32:02 IST">
  <testcase classname="testclasses.ProductsTest" name="verifyTitle" time="0.274"/>
  <testcase classname="testclasses.ProductsTest" name="Products" time="0.301"/>
  <testcase classname="testclasses.SolutionTest" name="solutionButton" time="0.194"/>
  <testcase classname="testclasses.SolutionTest" name="allSolutions" time="0.083"/>
  <testcase classname="testclasses.WatchDemoTest" name="demo" time="10.027"/>
  <testcase classname="testclasses.WatchDemoTest" name="enterData" time="1.708"/>
  <testcase classname="testclasses.WatchDemoTest" name="backStep" time="1.954"/>
  <testcase classname="testclasses.HeaderTest" name="entaratext" time="0.329"/>
  <testcase classname="testclasses.HeaderTest" name="cookiesbannar" time="0.109"/>
  <testcase classname="testclasses.HeaderTest" name="videobutton" time="0.089"/>
  <testcase classname="testclasses.HeaderTest" name="closebutton" time="2.287"/>
  <testcase classname="testclasses.BaseTest" name="@BeforeSuite initBrowser" time="0.0">
    <ignored/>
  </testcase> <!-- @BeforeSuite initBrowser -->
  <testcase classname="testclasses.BaseTest" name="@BeforeSuite initBrowser" time="0.0">
    <ignored/>
  </testcase> <!-- @BeforeSuite initBrowser -->
  <testcase classname="testclasses.BaseTest" name="@BeforeSuite initBrowser" time="0.0">
    <ignored/>
  </testcase> <!-- @BeforeSuite initBrowser -->
</testsuite> <!-- Test -->
