<?xml version="1.0" encoding="UTF-8"?>
<!-- Generated by org.testng.reporters.JUnitXMLReporter -->
<testsuite ignored="6" hostname="DESKTOP-G3QRQBE" failures="0" tests="11" name="Test" time="19.992" errors="0" timestamp="2024-01-16T12:50:35 IST">
  <testcase classname="testclasses.ProductsTest" name="verifyTitle" time="0.1"/>
  <testcase classname="testclasses.ProductsTest" name="Products" time="0.309"/>
  <testcase classname="testclasses.SolutionTest" name="solutionButton" time="0.513"/>
  <testcase classname="testclasses.SolutionTest" name="allSolutions" time="0.356"/>
  <testcase classname="testclasses.WatchDemoTest" name="demo" time="9.169"/>
  <testcase classname="testclasses.WatchDemoTest" name="enterData" time="2.133"/>
  <testcase classname="testclasses.WatchDemoTest" name="backStep" time="2.983"/>
  <testcase classname="testclasses.HeaderTest" name="entaratext" time="0.355"/>
  <testcase classname="testclasses.HeaderTest" name="cookiesbannar" time="0.17"/>
  <testcase classname="testclasses.HeaderTest" name="videobutton" time="0.521"/>
  <testcase classname="testclasses.HeaderTest" name="closebutton" time="2.823"/>
  <testcase classname="testclasses.BaseTest" name="@AfterSuite tearDown" time="0.0">
    <ignored/>
  </testcase> <!-- @AfterSuite tearDown -->
  <testcase classname="testclasses.BaseTest" name="@AfterSuite tearDown" time="0.0">
    <ignored/>
  </testcase> <!-- @AfterSuite tearDown -->
  <testcase classname="testclasses.BaseTest" name="@BeforeSuite initBrowser" time="0.0">
    <ignored/>
  </testcase> <!-- @BeforeSuite initBrowser -->
  <testcase classname="testclasses.BaseTest" name="@BeforeSuite initBrowser" time="0.0">
    <ignored/>
  </testcase> <!-- @BeforeSuite initBrowser -->
  <testcase classname="testclasses.BaseTest" name="@BeforeSuite initBrowser" time="0.0">
    <ignored/>
  </testcase> <!-- @BeforeSuite initBrowser -->
  <testcase classname="testclasses.BaseTest" name="@AfterSuite tearDown" time="0.0">
    <ignored/>
  </testcase> <!-- @AfterSuite tearDown -->
</testsuite> <!-- Test -->
