<?xml version="1.0" encoding="UTF-8"?>
<testng-results ignored="3" total="14" passed="11" failed="0" skipped="0">
  <reporter-output>
  </reporter-output>
  <suite started-at="2024-01-15T11:31:44 IST" name="Suite" finished-at="2024-01-15T11:32:02 IST" duration-ms="17587">
    <groups>
    </groups>
    <test started-at="2024-01-15T11:31:44 IST" name="Test" finished-at="2024-01-15T11:32:02 IST" duration-ms="17587">
      <class name="testclasses.SolutionTest">
        <test-method is-config="true" signature="createObject()[pri:0, instance:testclasses.SolutionTest@15043a2f]" started-at="2024-01-15T11:31:45 IST" name="createObject" finished-at="2024-01-15T11:31:45 IST" duration-ms="1" status="PASS">
          <reporter-output>
          </reporter-output>
        </test-method> <!-- createObject -->
        <test-method signature="solutionButton()[pri:1, instance:testclasses.SolutionTest@15043a2f]" started-at="2024-01-15T11:31:45 IST" name="solutionButton" finished-at="2024-01-15T11:31:45 IST" duration-ms="194" status="PASS">
          <reporter-output>
          </reporter-output>
        </test-method> <!-- solutionButton -->
        <test-method signature="allSolutions()[pri:2, instance:testclasses.SolutionTest@15043a2f]" started-at="2024-01-15T11:31:45 IST" name="allSolutions" finished-at="2024-01-15T11:31:45 IST" duration-ms="83" status="PASS">
          <reporter-output>
          </reporter-output>
        </test-method> <!-- allSolutions -->
      </class> <!-- testclasses.SolutionTest -->
      <class name="testclasses.HeaderTest">
        <test-method is-config="true" signature="createObject()[pri:0, instance:testclasses.HeaderTest@1349883]" started-at="2024-01-15T11:31:59 IST" name="createObject" finished-at="2024-01-15T11:31:59 IST" duration-ms="0" status="PASS">
          <reporter-output>
          </reporter-output>
        </test-method> <!-- createObject -->
        <test-method signature="entaratext()[pri:1, instance:testclasses.HeaderTest@1349883]" started-at="2024-01-15T11:31:59 IST" name="entaratext" finished-at="2024-01-15T11:31:59 IST" duration-ms="329" status="PASS">
          <reporter-output>
          </reporter-output>
        </test-method> <!-- entaratext -->
        <test-method signature="cookiesbannar()[pri:2, instance:testclasses.HeaderTest@1349883]" started-at="2024-01-15T11:31:59 IST" name="cookiesbannar" finished-at="2024-01-15T11:31:59 IST" duration-ms="109" status="PASS">
          <reporter-output>
          </reporter-output>
        </test-method> <!-- cookiesbannar -->
        <test-method signature="videobutton()[pri:3, instance:testclasses.HeaderTest@1349883]" started-at="2024-01-15T11:31:59 IST" name="videobutton" finished-at="2024-01-15T11:31:59 IST" duration-ms="89" status="PASS">
          <reporter-output>
          </reporter-output>
        </test-method> <!-- videobutton -->
        <test-method signature="closebutton()[pri:4, instance:testclasses.HeaderTest@1349883]" started-at="2024-01-15T11:31:59 IST" name="closebutton" finished-at="2024-01-15T11:32:02 IST" duration-ms="2287" status="PASS">
          <reporter-output>
          </reporter-output>
        </test-method> <!-- closebutton -->
      </class> <!-- testclasses.HeaderTest -->
      <class name="testclasses.ProductsTest">
        <test-method is-config="true" signature="initBrowser()[pri:0, instance:testclasses.ProductsTest@7bba5817]" started-at="2024-01-15T11:31:30 IST" name="initBrowser" finished-at="2024-01-15T11:31:44 IST" duration-ms="13850" status="PASS">
          <reporter-output>
          </reporter-output>
        </test-method> <!-- initBrowser -->
        <test-method is-config="true" signature="createObject()[pri:0, instance:testclasses.ProductsTest@7bba5817]" started-at="2024-01-15T11:31:44 IST" name="createObject" finished-at="2024-01-15T11:31:44 IST" duration-ms="21" status="PASS">
          <reporter-output>
          </reporter-output>
        </test-method> <!-- createObject -->
        <test-method signature="verifyTitle()[pri:1, instance:testclasses.ProductsTest@7bba5817]" started-at="2024-01-15T11:31:44 IST" name="verifyTitle" finished-at="2024-01-15T11:31:44 IST" duration-ms="274" status="PASS">
          <reporter-output>
          </reporter-output>
        </test-method> <!-- verifyTitle -->
        <test-method signature="Products()[pri:2, instance:testclasses.ProductsTest@7bba5817]" started-at="2024-01-15T11:31:44 IST" name="Products" finished-at="2024-01-15T11:31:45 IST" duration-ms="301" status="PASS">
          <reporter-output>
          </reporter-output>
        </test-method> <!-- Products -->
      </class> <!-- testclasses.ProductsTest -->
      <class name="testclasses.WatchDemoTest">
        <test-method is-config="true" signature="createObject()[pri:0, instance:testclasses.WatchDemoTest@4a83a74a]" started-at="2024-01-15T11:31:45 IST" name="createObject" finished-at="2024-01-15T11:31:45 IST" duration-ms="6" status="PASS">
          <reporter-output>
          </reporter-output>
        </test-method> <!-- createObject -->
        <test-method signature="demo()[pri:1, instance:testclasses.WatchDemoTest@4a83a74a]" started-at="2024-01-15T11:31:45 IST" name="demo" finished-at="2024-01-15T11:31:55 IST" duration-ms="10027" status="PASS">
          <reporter-output>
          </reporter-output>
        </test-method> <!-- demo -->
        <test-method signature="enterData()[pri:2, instance:testclasses.WatchDemoTest@4a83a74a]" started-at="2024-01-15T11:31:55 IST" name="enterData" finished-at="2024-01-15T11:31:57 IST" duration-ms="1708" status="PASS">
          <reporter-output>
          </reporter-output>
        </test-method> <!-- enterData -->
        <test-method signature="backStep()[pri:3, instance:testclasses.WatchDemoTest@4a83a74a]" started-at="2024-01-15T11:31:57 IST" name="backStep" finished-at="2024-01-15T11:31:59 IST" duration-ms="1954" status="PASS">
          <reporter-output>
          </reporter-output>
        </test-method> <!-- backStep -->
      </class> <!-- testclasses.WatchDemoTest -->
    </test> <!-- Test -->
  </suite> <!-- Suite -->
</testng-results>
